<?xml version="1.0" encoding="UTF-8"?>
<!-- Generated by org.testng.reporters.JUnitReportReporter -->
<testsuite skipped="0" hostname="LAPTOP-D2OKB3QK" name="TaobaoGetResourceOfPhoneNoTest" tests="5" failures="0" timestamp="07 五月 2020 13:17:58 GMT" time="1.119" errors="0">
  <testcase name="arrayTest" time="0.000" classname="TaobaoGetResourceOfPhoneNoTest"/>
  <testcase name="getPhonenumLocation" time="0.922" classname="TaobaoGetResourceOfPhoneNoTest"/>
  <testcase name="getPhonenumLocation" time="0.095" classname="TaobaoGetResourceOfPhoneNoTest"/>
  <testcase name="getPhonenumLocation" time="0.101" classname="TaobaoGetResourceOfPhoneNoTest"/>
  <testcase name="arrayTest" time="0.001" classname="TaobaoGetResourceOfPhoneNoTest"/>
</testsuite> <!-- TaobaoGetResourceOfPhoneNoTest -->
