<?xml version="1.0" encoding="UTF-8"?>
<!-- Generated by org.testng.reporters.JUnitReportReporter -->
<testsuite skipped="0" hostname="LAPTOP-D2OKB3QK" name="TaobaoGetResourceOfPhoneNoTest" tests="5" failures="0" timestamp="19 五月 2020 11:31:45 GMT" time="2.107" errors="0">
  <testcase name="arrayTest" time="0.000" classname="TaobaoGetResourceOfPhoneNoTest"/>
  <testcase name="arrayTest" time="0.010" classname="TaobaoGetResourceOfPhoneNoTest"/>
  <testcase name="getPhonenumLocation" time="0.091" classname="TaobaoGetResourceOfPhoneNoTest"/>
  <testcase name="getPhonenumLocation" time="1.917" classname="TaobaoGetResourceOfPhoneNoTest"/>
  <testcase name="getPhonenumLocation" time="0.089" classname="TaobaoGetResourceOfPhoneNoTest"/>
</testsuite> <!-- TaobaoGetResourceOfPhoneNoTest -->
